[0.012s] Invoking command in '/home/jotadejojo/Proyecto3/build/turtlesim': CMAKE_PREFIX_PATH=/opt/ros/foxy /usr/bin/cmake /home/jotadejojo/Proyecto3/src/ros_tutorials/turtlesim -DCMAKE_INSTALL_PREFIX=/home/jotadejojo/Proyecto3/install/turtlesim
[0.116s] -- The C compiler identification is GNU 9.4.0
[0.207s] -- The CXX compiler identification is GNU 9.4.0
[0.213s] -- Check for working C compiler: /usr/bin/cc
[0.284s] -- Check for working C compiler: /usr/bin/cc -- works
[0.286s] -- Detecting C compiler ABI info
[0.341s] -- Detecting C compiler ABI info - done
[0.349s] -- Detecting C compile features
[0.350s] -- Detecting C compile features - done
[0.352s] -- Check for working CXX compiler: /usr/bin/c++
[0.411s] -- Check for working CXX compiler: /usr/bin/c++ -- works
[0.411s] -- Detecting CXX compiler ABI info
[0.495s] -- Detecting CXX compiler ABI info - done
[0.503s] -- Detecting CXX compile features
[0.503s] -- Detecting CXX compile features - done
[0.508s] -- Found ament_cmake: 0.9.12 (/opt/ros/foxy/share/ament_cmake/cmake)
[0.530s] -- Found PythonInterp: /usr/bin/python3 (found suitable version "3.8.10", minimum required is "3") 
[0.530s] -- Using PYTHON_EXECUTABLE: /usr/bin/python3
[0.669s] -- Found ament_index_cpp: 1.1.0 (/opt/ros/foxy/share/ament_index_cpp/cmake)
[0.672s] -- Found geometry_msgs: 2.0.5 (/opt/ros/foxy/share/geometry_msgs/cmake)
[0.698s] -- Using all available rosidl_typesupport_c: rosidl_typesupport_fastrtps_c;rosidl_typesupport_introspection_c
[0.703s] -- Found rosidl_adapter: 1.3.1 (/opt/ros/foxy/share/rosidl_adapter/cmake)
[0.760s] -- Found OpenSSL: /usr/lib/x86_64-linux-gnu/libcrypto.so (found version "1.1.1f")  
[0.780s] -- Found FastRTPS: /opt/ros/foxy/include  
[0.841s] -- Using all available rosidl_typesupport_cpp: rosidl_typesupport_fastrtps_cpp;rosidl_typesupport_introspection_cpp
[0.919s] -- Found rclcpp: 2.4.3 (/opt/ros/foxy/share/rclcpp/cmake)
[0.955s] -- Found rmw_implementation_cmake: 1.0.4 (/opt/ros/foxy/share/rmw_implementation_cmake/cmake)
[0.956s] -- Using RMW implementation 'rmw_fastrtps_cpp' as default
[0.957s] -- Looking for pthread.h
[1.025s] -- Looking for pthread.h - found
[1.025s] -- Performing Test CMAKE_HAVE_LIBC_PTHREAD
[1.077s] -- Performing Test CMAKE_HAVE_LIBC_PTHREAD - Failed
[1.077s] -- Looking for pthread_create in pthreads
[1.120s] -- Looking for pthread_create in pthreads - not found
[1.120s] -- Looking for pthread_create in pthread
[1.176s] -- Looking for pthread_create in pthread - found
[1.177s] -- Found Threads: TRUE  
[1.280s] -- Found rclcpp_action: 2.4.3 (/opt/ros/foxy/share/rclcpp_action/cmake)
[1.340s] -- Found rosidl_default_generators: 1.0.1 (/opt/ros/foxy/share/rosidl_default_generators/cmake)
[1.350s] -- Found std_srvs: 2.0.5 (/opt/ros/foxy/share/std_srvs/cmake)
[1.374s] -- Found PythonInterp: /usr/bin/python3 (found version "3.8.10") 
[1.498s] -- Found ament_cmake_ros: 0.9.2 (/opt/ros/foxy/share/ament_cmake_ros/cmake)
[1.588s] -- Using all available rosidl_typesupport_c: rosidl_typesupport_fastrtps_c;rosidl_typesupport_introspection_c
[1.606s] -- Using all available rosidl_typesupport_cpp: rosidl_typesupport_fastrtps_cpp;rosidl_typesupport_introspection_cpp
[1.624s] -- Found PythonInterp: /usr/bin/python3 (found suitable version "3.8.10", minimum required is "3.5") 
[1.625s] -- Found python_cmake_module: 0.8.1 (/opt/ros/foxy/share/python_cmake_module/cmake)
[1.645s] -- Found PythonLibs: /usr/lib/x86_64-linux-gnu/libpython3.8.so (found suitable version "3.8.10", minimum required is "3.5") 
[1.645s] -- Using PYTHON_EXECUTABLE: /usr/bin/python3
[1.645s] -- Using PYTHON_INCLUDE_DIRS: /usr/include/python3.8
[1.645s] -- Using PYTHON_LIBRARIES: /usr/lib/x86_64-linux-gnu/libpython3.8.so
[1.663s] -- Found PythonExtra: .so  
[1.710s] -- Configuring done
[1.770s] -- Generating done
[1.790s] -- Build files have been written to: /home/jotadejojo/Proyecto3/build/turtlesim
[1.797s] Invoked command in '/home/jotadejojo/Proyecto3/build/turtlesim' returned '0': CMAKE_PREFIX_PATH=/opt/ros/foxy /usr/bin/cmake /home/jotadejojo/Proyecto3/src/ros_tutorials/turtlesim -DCMAKE_INSTALL_PREFIX=/home/jotadejojo/Proyecto3/install/turtlesim
[1.799s] Invoking command in '/home/jotadejojo/Proyecto3/build/turtlesim': CMAKE_PREFIX_PATH=/opt/ros/foxy /usr/bin/cmake --build /home/jotadejojo/Proyecto3/build/turtlesim -- -j8 -l8
[1.831s] [  1%] [34m[1mGenerating C code for ROS interfaces[0m
[1.831s] [35m[1mScanning dependencies of target turtlesim__cpp[0m
[1.839s] [  2%] [34m[1mGenerating C++ code for ROS interfaces[0m
[2.418s] [  2%] Built target turtlesim__cpp
[2.426s] [  3%] [34m[1mGenerating C++ type support dispatch for ROS interfaces[0m
[2.427s] [  5%] [34m[1mGenerating C++ type support for eProsima Fast-RTPS[0m
[2.427s] [  5%] [34m[1mGenerating C++ introspection for ROS interfaces[0m
[2.513s] [35m[1mScanning dependencies of target turtlesim__rosidl_generator_c[0m
[2.533s] [  6%] [32mBuilding C object CMakeFiles/turtlesim__rosidl_generator_c.dir/rosidl_generator_c/turtlesim/msg/detail/color__functions.c.o[0m
[2.533s] [  7%] [32mBuilding C object CMakeFiles/turtlesim__rosidl_generator_c.dir/rosidl_generator_c/turtlesim/srv/detail/set_pen__functions.c.o[0m
[2.534s] [  8%] [32mBuilding C object CMakeFiles/turtlesim__rosidl_generator_c.dir/rosidl_generator_c/turtlesim/msg/detail/pose__functions.c.o[0m
[2.535s] [  9%] [32mBuilding C object CMakeFiles/turtlesim__rosidl_generator_c.dir/rosidl_generator_c/turtlesim/srv/detail/kill__functions.c.o[0m
[2.536s] [ 10%] [32mBuilding C object CMakeFiles/turtlesim__rosidl_generator_c.dir/rosidl_generator_c/turtlesim/action/detail/rotate_absolute__functions.c.o[0m
[2.598s] [ 11%] [32mBuilding C object CMakeFiles/turtlesim__rosidl_generator_c.dir/rosidl_generator_c/turtlesim/srv/detail/spawn__functions.c.o[0m
[2.606s] [ 12%] [32mBuilding C object CMakeFiles/turtlesim__rosidl_generator_c.dir/rosidl_generator_c/turtlesim/srv/detail/teleport_absolute__functions.c.o[0m
[2.614s] [ 13%] [32mBuilding C object CMakeFiles/turtlesim__rosidl_generator_c.dir/rosidl_generator_c/turtlesim/srv/detail/teleport_relative__functions.c.o[0m
[2.699s] [ 14%] [32m[1mLinking C shared library libturtlesim__rosidl_generator_c.so[0m
[2.733s] [ 14%] Built target turtlesim__rosidl_generator_c
[2.742s] [ 15%] [34m[1mGenerating C type support dispatch for ROS interfaces[0m
[2.745s] [ 16%] [34m[1mGenerating C introspection for ROS interfaces[0m
[2.930s] [35m[1mScanning dependencies of target turtlesim__rosidl_typesupport_cpp[0m
[2.962s] [ 20%] [32mBuilding CXX object CMakeFiles/turtlesim__rosidl_typesupport_cpp.dir/rosidl_typesupport_cpp/turtlesim/action/rotate_absolute__type_support.cpp.o[0m
[2.962s] [ 20%] [32mBuilding CXX object CMakeFiles/turtlesim__rosidl_typesupport_cpp.dir/rosidl_typesupport_cpp/turtlesim/srv/kill__type_support.cpp.o[0m
[2.962s] [ 20%] [32mBuilding CXX object CMakeFiles/turtlesim__rosidl_typesupport_cpp.dir/rosidl_typesupport_cpp/turtlesim/msg/pose__type_support.cpp.o[0m
[2.963s] [ 20%] [32mBuilding CXX object CMakeFiles/turtlesim__rosidl_typesupport_cpp.dir/rosidl_typesupport_cpp/turtlesim/msg/color__type_support.cpp.o[0m
[3.152s] [35m[1mScanning dependencies of target turtlesim__rosidl_typesupport_introspection_cpp[0m
[3.178s] [ 21%] [32mBuilding CXX object CMakeFiles/turtlesim__rosidl_typesupport_introspection_cpp.dir/rosidl_typesupport_introspection_cpp/turtlesim/action/detail/rotate_absolute__type_support.cpp.o[0m
[3.340s] [ 22%] [32mBuilding CXX object CMakeFiles/turtlesim__rosidl_typesupport_cpp.dir/rosidl_typesupport_cpp/turtlesim/srv/set_pen__type_support.cpp.o[0m
[3.341s] [ 23%] [32mBuilding CXX object CMakeFiles/turtlesim__rosidl_typesupport_cpp.dir/rosidl_typesupport_cpp/turtlesim/srv/spawn__type_support.cpp.o[0m
[3.349s] [ 24%] [32mBuilding CXX object CMakeFiles/turtlesim__rosidl_typesupport_cpp.dir/rosidl_typesupport_cpp/turtlesim/srv/teleport_absolute__type_support.cpp.o[0m
[3.383s] [ 25%] [32mBuilding CXX object CMakeFiles/turtlesim__rosidl_typesupport_cpp.dir/rosidl_typesupport_cpp/turtlesim/srv/teleport_relative__type_support.cpp.o[0m
[3.386s] [35m[1mScanning dependencies of target turtlesim__rosidl_typesupport_fastrtps_cpp[0m
[3.427s] [ 26%] [32mBuilding CXX object CMakeFiles/turtlesim__rosidl_typesupport_fastrtps_cpp.dir/rosidl_typesupport_fastrtps_cpp/turtlesim/action/detail/dds_fastrtps/rotate_absolute__type_support.cpp.o[0m
[3.503s] [35m[1mScanning dependencies of target turtlesim__rosidl_typesupport_c[0m
[3.533s] [ 27%] [32mBuilding CXX object CMakeFiles/turtlesim__rosidl_typesupport_c.dir/rosidl_typesupport_c/turtlesim/action/rotate_absolute__type_support.cpp.o[0m
[3.593s] [ 28%] [32mBuilding CXX object CMakeFiles/turtlesim__rosidl_typesupport_c.dir/rosidl_typesupport_c/turtlesim/msg/color__type_support.cpp.o[0m
[3.608s] [ 29%] [32mBuilding CXX object CMakeFiles/turtlesim__rosidl_typesupport_introspection_cpp.dir/rosidl_typesupport_introspection_cpp/turtlesim/msg/detail/color__type_support.cpp.o[0m
[3.629s] [ 30%] [32mBuilding CXX object CMakeFiles/turtlesim__rosidl_typesupport_c.dir/rosidl_typesupport_c/turtlesim/msg/pose__type_support.cpp.o[0m
[3.665s] [ 31%] [32mBuilding CXX object CMakeFiles/turtlesim__rosidl_typesupport_c.dir/rosidl_typesupport_c/turtlesim/srv/kill__type_support.cpp.o[0m
[3.704s] [ 32%] [32mBuilding CXX object CMakeFiles/turtlesim__rosidl_typesupport_c.dir/rosidl_typesupport_c/turtlesim/srv/set_pen__type_support.cpp.o[0m
[3.704s] [ 33%] [32mBuilding CXX object CMakeFiles/turtlesim__rosidl_typesupport_fastrtps_cpp.dir/rosidl_typesupport_fastrtps_cpp/turtlesim/msg/detail/dds_fastrtps/color__type_support.cpp.o[0m
[3.716s] [ 34%] [32mBuilding CXX object CMakeFiles/turtlesim__rosidl_typesupport_fastrtps_cpp.dir/rosidl_typesupport_fastrtps_cpp/turtlesim/msg/detail/dds_fastrtps/pose__type_support.cpp.o[0m
[3.742s] [ 35%] [32mBuilding CXX object CMakeFiles/turtlesim__rosidl_typesupport_c.dir/rosidl_typesupport_c/turtlesim/srv/spawn__type_support.cpp.o[0m
[3.752s] [ 36%] [32m[1mLinking CXX shared library libturtlesim__rosidl_typesupport_cpp.so[0m
[3.761s] [ 37%] [32mBuilding CXX object CMakeFiles/turtlesim__rosidl_typesupport_c.dir/rosidl_typesupport_c/turtlesim/srv/teleport_absolute__type_support.cpp.o[0m
[3.790s] [ 38%] [32mBuilding CXX object CMakeFiles/turtlesim__rosidl_typesupport_c.dir/rosidl_typesupport_c/turtlesim/srv/teleport_relative__type_support.cpp.o[0m
[3.799s] [ 39%] [32mBuilding CXX object CMakeFiles/turtlesim__rosidl_typesupport_introspection_cpp.dir/rosidl_typesupport_introspection_cpp/turtlesim/msg/detail/pose__type_support.cpp.o[0m
[3.801s] [35m[1mScanning dependencies of target turtlesim__rosidl_typesupport_introspection_c[0m
[3.813s] [ 39%] Built target turtlesim__rosidl_typesupport_cpp
[3.823s] [ 40%] [32mBuilding CXX object CMakeFiles/turtlesim__rosidl_typesupport_introspection_cpp.dir/rosidl_typesupport_introspection_cpp/turtlesim/srv/detail/kill__type_support.cpp.o[0m
[3.829s] [ 41%] [32m[1mLinking CXX shared library libturtlesim__rosidl_typesupport_c.so[0m
[3.832s] [ 42%] [32mBuilding C object CMakeFiles/turtlesim__rosidl_typesupport_introspection_c.dir/rosidl_typesupport_introspection_c/turtlesim/action/detail/rotate_absolute__type_support.c.o[0m
[3.891s] [ 43%] [32mBuilding C object CMakeFiles/turtlesim__rosidl_typesupport_introspection_c.dir/rosidl_typesupport_introspection_c/turtlesim/msg/detail/color__type_support.c.o[0m
[3.898s] [ 43%] Built target turtlesim__rosidl_typesupport_c
[3.909s] [ 44%] [32mBuilding C object CMakeFiles/turtlesim__rosidl_typesupport_introspection_c.dir/rosidl_typesupport_introspection_c/turtlesim/msg/detail/pose__type_support.c.o[0m
[3.932s] [ 45%] [32mBuilding C object CMakeFiles/turtlesim__rosidl_typesupport_introspection_c.dir/rosidl_typesupport_introspection_c/turtlesim/srv/detail/kill__type_support.c.o[0m
[3.952s] [ 46%] [32mBuilding C object CMakeFiles/turtlesim__rosidl_typesupport_introspection_c.dir/rosidl_typesupport_introspection_c/turtlesim/srv/detail/set_pen__type_support.c.o[0m
[3.977s] [ 48%] [32mBuilding CXX object CMakeFiles/turtlesim__rosidl_typesupport_introspection_cpp.dir/rosidl_typesupport_introspection_cpp/turtlesim/srv/detail/set_pen__type_support.cpp.o[0m
[3.977s] [ 48%] [32mBuilding C object CMakeFiles/turtlesim__rosidl_typesupport_introspection_c.dir/rosidl_typesupport_introspection_c/turtlesim/srv/detail/spawn__type_support.c.o[0m
[3.996s] [ 49%] [32mBuilding C object CMakeFiles/turtlesim__rosidl_typesupport_introspection_c.dir/rosidl_typesupport_introspection_c/turtlesim/srv/detail/teleport_absolute__type_support.c.o[0m
[4.021s] [ 50%] [32mBuilding CXX object CMakeFiles/turtlesim__rosidl_typesupport_introspection_cpp.dir/rosidl_typesupport_introspection_cpp/turtlesim/srv/detail/spawn__type_support.cpp.o[0m
[4.043s] [ 51%] [32mBuilding C object CMakeFiles/turtlesim__rosidl_typesupport_introspection_c.dir/rosidl_typesupport_introspection_c/turtlesim/srv/detail/teleport_relative__type_support.c.o[0m
[4.052s] [ 52%] [32mBuilding CXX object CMakeFiles/turtlesim__rosidl_typesupport_fastrtps_cpp.dir/rosidl_typesupport_fastrtps_cpp/turtlesim/srv/detail/dds_fastrtps/kill__type_support.cpp.o[0m
[4.088s] [ 53%] [32m[1mLinking C shared library libturtlesim__rosidl_typesupport_introspection_c.so[0m
[4.136s] [ 53%] Built target turtlesim__rosidl_typesupport_introspection_c
[4.147s] [ 54%] [32mBuilding CXX object CMakeFiles/turtlesim__rosidl_typesupport_fastrtps_cpp.dir/rosidl_typesupport_fastrtps_cpp/turtlesim/srv/detail/dds_fastrtps/set_pen__type_support.cpp.o[0m
[4.166s] [ 55%] [32mBuilding CXX object CMakeFiles/turtlesim__rosidl_typesupport_introspection_cpp.dir/rosidl_typesupport_introspection_cpp/turtlesim/srv/detail/teleport_absolute__type_support.cpp.o[0m
[4.205s] [ 56%] [32mBuilding CXX object CMakeFiles/turtlesim__rosidl_typesupport_introspection_cpp.dir/rosidl_typesupport_introspection_cpp/turtlesim/srv/detail/teleport_relative__type_support.cpp.o[0m
[4.229s] [ 57%] [32mBuilding CXX object CMakeFiles/turtlesim__rosidl_typesupport_fastrtps_cpp.dir/rosidl_typesupport_fastrtps_cpp/turtlesim/srv/detail/dds_fastrtps/spawn__type_support.cpp.o[0m
[4.230s] [ 58%] [32mBuilding CXX object CMakeFiles/turtlesim__rosidl_typesupport_fastrtps_cpp.dir/rosidl_typesupport_fastrtps_cpp/turtlesim/srv/detail/dds_fastrtps/teleport_absolute__type_support.cpp.o[0m
[4.332s] [ 59%] [32mBuilding CXX object CMakeFiles/turtlesim__rosidl_typesupport_fastrtps_cpp.dir/rosidl_typesupport_fastrtps_cpp/turtlesim/srv/detail/dds_fastrtps/teleport_relative__type_support.cpp.o[0m
[4.557s] [ 60%] [32m[1mLinking CXX shared library libturtlesim__rosidl_typesupport_introspection_cpp.so[0m
[4.622s] [ 60%] Built target turtlesim__rosidl_typesupport_introspection_cpp
[4.799s] [ 61%] [32m[1mLinking CXX shared library libturtlesim__rosidl_typesupport_fastrtps_cpp.so[0m
[4.871s] [ 61%] Built target turtlesim__rosidl_typesupport_fastrtps_cpp
[4.879s] [ 62%] [34m[1mGenerating C type support for eProsima Fast-RTPS[0m
[5.423s] [35m[1mScanning dependencies of target turtlesim__rosidl_typesupport_fastrtps_c[0m
[5.460s] [ 69%] [32mBuilding CXX object CMakeFiles/turtlesim__rosidl_typesupport_fastrtps_c.dir/rosidl_typesupport_fastrtps_c/turtlesim/srv/detail/spawn__type_support_c.cpp.o[0m
[5.460s] [ 69%] [32mBuilding CXX object CMakeFiles/turtlesim__rosidl_typesupport_fastrtps_c.dir/rosidl_typesupport_fastrtps_c/turtlesim/msg/detail/pose__type_support_c.cpp.o[0m
[5.460s] [ 69%] [32mBuilding CXX object CMakeFiles/turtlesim__rosidl_typesupport_fastrtps_c.dir/rosidl_typesupport_fastrtps_c/turtlesim/srv/detail/teleport_absolute__type_support_c.cpp.o[0m
[5.460s] [ 69%] [32mBuilding CXX object CMakeFiles/turtlesim__rosidl_typesupport_fastrtps_c.dir/rosidl_typesupport_fastrtps_c/turtlesim/srv/detail/kill__type_support_c.cpp.o[0m
[5.460s] [ 69%] [32mBuilding CXX object CMakeFiles/turtlesim__rosidl_typesupport_fastrtps_c.dir/rosidl_typesupport_fastrtps_c/turtlesim/action/detail/rotate_absolute__type_support_c.cpp.o[0m
[5.460s] [ 69%] [32mBuilding CXX object CMakeFiles/turtlesim__rosidl_typesupport_fastrtps_c.dir/rosidl_typesupport_fastrtps_c/turtlesim/srv/detail/set_pen__type_support_c.cpp.o[0m
[5.461s] [ 69%] [32mBuilding CXX object CMakeFiles/turtlesim__rosidl_typesupport_fastrtps_c.dir/rosidl_typesupport_fastrtps_c/turtlesim/msg/detail/color__type_support_c.cpp.o[0m
[5.465s] [ 70%] [32mBuilding CXX object CMakeFiles/turtlesim__rosidl_typesupport_fastrtps_c.dir/rosidl_typesupport_fastrtps_c/turtlesim/srv/detail/teleport_relative__type_support_c.cpp.o[0m
[5.952s] [ 71%] [32m[1mLinking CXX shared library libturtlesim__rosidl_typesupport_fastrtps_c.so[0m
[6.027s] [ 71%] Built target turtlesim__rosidl_typesupport_fastrtps_c
[6.035s] [35m[1mScanning dependencies of target turtlesim[0m
[6.043s] [ 71%] Built target turtlesim
[6.051s] [ 72%] [34m[1mGenerating include/turtlesim/moc_turtle_frame.cpp[0m
[6.051s] [35m[1mScanning dependencies of target draw_square[0m
[6.051s] [35m[1mScanning dependencies of target turtle_teleop_key[0m
[6.053s] [35m[1mScanning dependencies of target mimic[0m
[6.053s] [35m[1mScanning dependencies of target turtlesim__py[0m
[6.061s] [ 73%] [34m[1mGenerating Python code for ROS interfaces[0m
[6.111s] [35m[1mScanning dependencies of target turtlesim_node[0m
[6.120s] [ 74%] [32mBuilding CXX object CMakeFiles/mimic.dir/tutorials/mimic.cpp.o[0m
[6.126s] [ 75%] [32mBuilding CXX object CMakeFiles/draw_square.dir/tutorials/draw_square.cpp.o[0m
[6.127s] [ 76%] [32mBuilding CXX object CMakeFiles/turtle_teleop_key.dir/tutorials/teleop_turtle_key.cpp.o[0m
[6.209s] [ 78%] [32mBuilding CXX object CMakeFiles/turtlesim_node.dir/src/turtle.cpp.o[0m
[6.209s] [ 78%] [32mBuilding CXX object CMakeFiles/turtlesim_node.dir/src/turtlesim.cpp.o[0m
[6.210s] [ 79%] [32mBuilding CXX object CMakeFiles/turtlesim_node.dir/src/turtle_frame.cpp.o[0m
[6.218s] [ 80%] [32mBuilding CXX object CMakeFiles/turtlesim_node.dir/include/turtlesim/moc_turtle_frame.cpp.o[0m
[8.921s] [ 80%] Built target turtlesim__py
[8.934s] [35m[1mScanning dependencies of target turtlesim__python[0m
[9.002s] [ 81%] [32mBuilding C object CMakeFiles/turtlesim__python.dir/rosidl_generator_py/turtlesim/action/_rotate_absolute_s.c.o[0m
[9.193s] [ 82%] [32mBuilding C object CMakeFiles/turtlesim__python.dir/rosidl_generator_py/turtlesim/msg/_color_s.c.o[0m
[9.329s] [ 83%] [32mBuilding C object CMakeFiles/turtlesim__python.dir/rosidl_generator_py/turtlesim/msg/_pose_s.c.o[0m
[9.457s] [ 84%] [32mBuilding C object CMakeFiles/turtlesim__python.dir/rosidl_generator_py/turtlesim/srv/_kill_s.c.o[0m
[9.597s] [ 85%] [32mBuilding C object CMakeFiles/turtlesim__python.dir/rosidl_generator_py/turtlesim/srv/_set_pen_s.c.o[0m
[9.734s] [ 86%] [32mBuilding C object CMakeFiles/turtlesim__python.dir/rosidl_generator_py/turtlesim/srv/_spawn_s.c.o[0m
[9.848s] [ 87%] [32mBuilding C object CMakeFiles/turtlesim__python.dir/rosidl_generator_py/turtlesim/srv/_teleport_absolute_s.c.o[0m
[9.873s] [ 88%] [32mBuilding C object CMakeFiles/turtlesim__python.dir/rosidl_generator_py/turtlesim/srv/_teleport_relative_s.c.o[0m
[10.003s] [ 89%] [32m[1mLinking C shared library rosidl_generator_py/turtlesim/libturtlesim__python.so[0m
[10.063s] [ 89%] Built target turtlesim__python
[10.075s] [35m[1mScanning dependencies of target turtlesim__rosidl_typesupport_introspection_c__pyext[0m
[10.075s] [35m[1mScanning dependencies of target turtlesim__rosidl_typesupport_fastrtps_c__pyext[0m
[10.100s] [35m[1mScanning dependencies of target turtlesim__rosidl_typesupport_c__pyext[0m
[10.106s] [ 90%] [32mBuilding C object CMakeFiles/turtlesim__rosidl_typesupport_introspection_c__pyext.dir/rosidl_generator_py/turtlesim/_turtlesim_s.ep.rosidl_typesupport_introspection_c.c.o[0m
[10.109s] [ 91%] [32mBuilding C object CMakeFiles/turtlesim__rosidl_typesupport_fastrtps_c__pyext.dir/rosidl_generator_py/turtlesim/_turtlesim_s.ep.rosidl_typesupport_fastrtps_c.c.o[0m
[10.129s] [ 92%] [32mBuilding C object CMakeFiles/turtlesim__rosidl_typesupport_c__pyext.dir/rosidl_generator_py/turtlesim/_turtlesim_s.ep.rosidl_typesupport_c.c.o[0m
[10.307s] [ 93%] [32m[1mLinking CXX shared library rosidl_generator_py/turtlesim/turtlesim_s__rosidl_typesupport_fastrtps_c.cpython-38-x86_64-linux-gnu.so[0m
[10.309s] [ 94%] [32m[1mLinking C shared library rosidl_generator_py/turtlesim/turtlesim_s__rosidl_typesupport_introspection_c.cpython-38-x86_64-linux-gnu.so[0m
[10.342s] [ 95%] [32m[1mLinking C shared library rosidl_generator_py/turtlesim/turtlesim_s__rosidl_typesupport_c.cpython-38-x86_64-linux-gnu.so[0m
[10.361s] [ 95%] Built target turtlesim__rosidl_typesupport_introspection_c__pyext
[10.402s] [ 95%] Built target turtlesim__rosidl_typesupport_c__pyext
[10.408s] [ 95%] Built target turtlesim__rosidl_typesupport_fastrtps_c__pyext
[11.335s] [ 96%] [32m[1mLinking CXX executable turtle_teleop_key[0m
[11.673s] [ 96%] Built target turtle_teleop_key
[12.165s] [ 97%] [32m[1mLinking CXX executable mimic[0m
[12.403s] [ 97%] Built target mimic
[13.105s] [ 98%] [32m[1mLinking CXX executable draw_square[0m
[13.326s] [ 98%] Built target draw_square
[14.740s] [100%] [32m[1mLinking CXX executable turtlesim_node[0m
[15.858s] [100%] Built target turtlesim_node
[15.871s] Invoked command in '/home/jotadejojo/Proyecto3/build/turtlesim' returned '0': CMAKE_PREFIX_PATH=/opt/ros/foxy /usr/bin/cmake --build /home/jotadejojo/Proyecto3/build/turtlesim -- -j8 -l8
[15.881s] Invoking command in '/home/jotadejojo/Proyecto3/build/turtlesim': CMAKE_PREFIX_PATH=/opt/ros/foxy /usr/bin/cmake --install /home/jotadejojo/Proyecto3/build/turtlesim
[15.887s] -- Install configuration: ""
[15.887s] -- Installing: /home/jotadejojo/Proyecto3/install/turtlesim/share/ament_index/resource_index/rosidl_interfaces/turtlesim
[15.888s] -- Installing: /home/jotadejojo/Proyecto3/install/turtlesim/include/turtlesim
[15.888s] -- Installing: /home/jotadejojo/Proyecto3/install/turtlesim/include/turtlesim/srv
[15.888s] -- Installing: /home/jotadejojo/Proyecto3/install/turtlesim/include/turtlesim/srv/detail
[15.888s] -- Installing: /home/jotadejojo/Proyecto3/install/turtlesim/include/turtlesim/srv/detail/kill__type_support.h
[15.888s] -- Installing: /home/jotadejojo/Proyecto3/install/turtlesim/include/turtlesim/srv/detail/teleport_absolute__functions.h
[15.888s] -- Installing: /home/jotadejojo/Proyecto3/install/turtlesim/include/turtlesim/srv/detail/teleport_absolute__type_support.h
[15.888s] -- Installing: /home/jotadejojo/Proyecto3/install/turtlesim/include/turtlesim/srv/detail/set_pen__struct.h
[15.888s] -- Installing: /home/jotadejojo/Proyecto3/install/turtlesim/include/turtlesim/srv/detail/spawn__type_support.h
[15.888s] -- Installing: /home/jotadejojo/Proyecto3/install/turtlesim/include/turtlesim/srv/detail/set_pen__functions.h
[15.888s] -- Installing: /home/jotadejojo/Proyecto3/install/turtlesim/include/turtlesim/srv/detail/set_pen__functions.c
[15.888s] -- Installing: /home/jotadejojo/Proyecto3/install/turtlesim/include/turtlesim/srv/detail/spawn__functions.c
[15.888s] -- Installing: /home/jotadejojo/Proyecto3/install/turtlesim/include/turtlesim/srv/detail/kill__functions.c
[15.888s] -- Installing: /home/jotadejojo/Proyecto3/install/turtlesim/include/turtlesim/srv/detail/spawn__struct.h
[15.888s] -- Installing: /home/jotadejojo/Proyecto3/install/turtlesim/include/turtlesim/srv/detail/kill__struct.h
[15.888s] -- Installing: /home/jotadejojo/Proyecto3/install/turtlesim/include/turtlesim/srv/detail/teleport_absolute__struct.h
[15.888s] -- Installing: /home/jotadejojo/Proyecto3/install/turtlesim/include/turtlesim/srv/detail/teleport_relative__functions.c
[15.889s] -- Installing: /home/jotadejojo/Proyecto3/install/turtlesim/include/turtlesim/srv/detail/teleport_absolute__functions.c
[15.889s] -- Installing: /home/jotadejojo/Proyecto3/install/turtlesim/include/turtlesim/srv/detail/spawn__functions.h
[15.889s] -- Installing: /home/jotadejojo/Proyecto3/install/turtlesim/include/turtlesim/srv/detail/teleport_relative__type_support.h
[15.889s] -- Installing: /home/jotadejojo/Proyecto3/install/turtlesim/include/turtlesim/srv/detail/kill__functions.h
[15.889s] -- Installing: /home/jotadejojo/Proyecto3/install/turtlesim/include/turtlesim/srv/detail/set_pen__type_support.h
[15.889s] -- Installing: /home/jotadejojo/Proyecto3/install/turtlesim/include/turtlesim/srv/detail/teleport_relative__struct.h
[15.889s] -- Installing: /home/jotadejojo/Proyecto3/install/turtlesim/include/turtlesim/srv/detail/teleport_relative__functions.h
[15.889s] -- Installing: /home/jotadejojo/Proyecto3/install/turtlesim/include/turtlesim/srv/set_pen.h
[15.889s] -- Installing: /home/jotadejojo/Proyecto3/install/turtlesim/include/turtlesim/srv/teleport_relative.h
[15.889s] -- Installing: /home/jotadejojo/Proyecto3/install/turtlesim/include/turtlesim/srv/teleport_absolute.h
[15.889s] -- Installing: /home/jotadejojo/Proyecto3/install/turtlesim/include/turtlesim/srv/spawn.h
[15.889s] -- Installing: /home/jotadejojo/Proyecto3/install/turtlesim/include/turtlesim/srv/kill.h
[15.889s] -- Installing: /home/jotadejojo/Proyecto3/install/turtlesim/include/turtlesim/action
[15.889s] -- Installing: /home/jotadejojo/Proyecto3/install/turtlesim/include/turtlesim/action/detail
[15.889s] -- Installing: /home/jotadejojo/Proyecto3/install/turtlesim/include/turtlesim/action/detail/rotate_absolute__struct.h
[15.889s] -- Installing: /home/jotadejojo/Proyecto3/install/turtlesim/include/turtlesim/action/detail/rotate_absolute__type_support.h
[15.889s] -- Installing: /home/jotadejojo/Proyecto3/install/turtlesim/include/turtlesim/action/detail/rotate_absolute__functions.h
[15.889s] -- Installing: /home/jotadejojo/Proyecto3/install/turtlesim/include/turtlesim/action/detail/rotate_absolute__functions.c
[15.889s] -- Installing: /home/jotadejojo/Proyecto3/install/turtlesim/include/turtlesim/action/rotate_absolute.h
[15.889s] -- Installing: /home/jotadejojo/Proyecto3/install/turtlesim/include/turtlesim/msg
[15.889s] -- Installing: /home/jotadejojo/Proyecto3/install/turtlesim/include/turtlesim/msg/detail
[15.890s] -- Installing: /home/jotadejojo/Proyecto3/install/turtlesim/include/turtlesim/msg/detail/pose__functions.c
[15.890s] -- Installing: /home/jotadejojo/Proyecto3/install/turtlesim/include/turtlesim/msg/detail/pose__struct.h
[15.890s] -- Installing: /home/jotadejojo/Proyecto3/install/turtlesim/include/turtlesim/msg/detail/color__type_support.h
[15.890s] -- Installing: /home/jotadejojo/Proyecto3/install/turtlesim/include/turtlesim/msg/detail/color__functions.h
[15.890s] -- Installing: /home/jotadejojo/Proyecto3/install/turtlesim/include/turtlesim/msg/detail/color__functions.c
[15.890s] -- Installing: /home/jotadejojo/Proyecto3/install/turtlesim/include/turtlesim/msg/detail/color__struct.h
[15.890s] -- Installing: /home/jotadejojo/Proyecto3/install/turtlesim/include/turtlesim/msg/detail/pose__type_support.h
[15.890s] -- Installing: /home/jotadejojo/Proyecto3/install/turtlesim/include/turtlesim/msg/detail/pose__functions.h
[15.890s] -- Installing: /home/jotadejojo/Proyecto3/install/turtlesim/include/turtlesim/msg/pose.h
[15.890s] -- Installing: /home/jotadejojo/Proyecto3/install/turtlesim/include/turtlesim/msg/rosidl_generator_c__visibility_control.h
[15.890s] -- Installing: /home/jotadejojo/Proyecto3/install/turtlesim/include/turtlesim/msg/color.h
[15.890s] -- Installing: /home/jotadejojo/Proyecto3/install/turtlesim/share/turtlesim/environment/library_path.sh
[15.890s] -- Installing: /home/jotadejojo/Proyecto3/install/turtlesim/share/turtlesim/environment/library_path.dsv
[15.890s] -- Installing: /home/jotadejojo/Proyecto3/install/turtlesim/lib/libturtlesim__rosidl_generator_c.so
[15.890s] -- Set runtime path of "/home/jotadejojo/Proyecto3/install/turtlesim/lib/libturtlesim__rosidl_generator_c.so" to ""
[15.890s] -- Up-to-date: /home/jotadejojo/Proyecto3/install/turtlesim/include/turtlesim
[15.890s] -- Up-to-date: /home/jotadejojo/Proyecto3/install/turtlesim/include/turtlesim/srv
[15.890s] -- Up-to-date: /home/jotadejojo/Proyecto3/install/turtlesim/include/turtlesim/srv/detail
[15.890s] -- Installing: /home/jotadejojo/Proyecto3/install/turtlesim/include/turtlesim/srv/detail/teleport_relative__rosidl_typesupport_fastrtps_c.h
[15.890s] -- Installing: /home/jotadejojo/Proyecto3/install/turtlesim/include/turtlesim/srv/detail/kill__rosidl_typesupport_fastrtps_c.h
[15.890s] -- Installing: /home/jotadejojo/Proyecto3/install/turtlesim/include/turtlesim/srv/detail/spawn__rosidl_typesupport_fastrtps_c.h
[15.890s] -- Installing: /home/jotadejojo/Proyecto3/install/turtlesim/include/turtlesim/srv/detail/set_pen__rosidl_typesupport_fastrtps_c.h
[15.891s] -- Installing: /home/jotadejojo/Proyecto3/install/turtlesim/include/turtlesim/srv/detail/teleport_absolute__rosidl_typesupport_fastrtps_c.h
[15.891s] -- Up-to-date: /home/jotadejojo/Proyecto3/install/turtlesim/include/turtlesim/action
[15.891s] -- Up-to-date: /home/jotadejojo/Proyecto3/install/turtlesim/include/turtlesim/action/detail
[15.891s] -- Installing: /home/jotadejojo/Proyecto3/install/turtlesim/include/turtlesim/action/detail/rotate_absolute__rosidl_typesupport_fastrtps_c.h
[15.891s] -- Up-to-date: /home/jotadejojo/Proyecto3/install/turtlesim/include/turtlesim/msg
[15.891s] -- Up-to-date: /home/jotadejojo/Proyecto3/install/turtlesim/include/turtlesim/msg/detail
[15.891s] -- Installing: /home/jotadejojo/Proyecto3/install/turtlesim/include/turtlesim/msg/detail/color__rosidl_typesupport_fastrtps_c.h
[15.891s] -- Installing: /home/jotadejojo/Proyecto3/install/turtlesim/include/turtlesim/msg/detail/pose__rosidl_typesupport_fastrtps_c.h
[15.891s] -- Installing: /home/jotadejojo/Proyecto3/install/turtlesim/include/turtlesim/msg/rosidl_typesupport_fastrtps_c__visibility_control.h
[15.891s] -- Installing: /home/jotadejojo/Proyecto3/install/turtlesim/lib/libturtlesim__rosidl_typesupport_fastrtps_c.so
[15.891s] -- Set runtime path of "/home/jotadejojo/Proyecto3/install/turtlesim/lib/libturtlesim__rosidl_typesupport_fastrtps_c.so" to ""
[15.891s] -- Up-to-date: /home/jotadejojo/Proyecto3/install/turtlesim/include/turtlesim
[15.891s] -- Up-to-date: /home/jotadejojo/Proyecto3/install/turtlesim/include/turtlesim/srv
[15.891s] -- Up-to-date: /home/jotadejojo/Proyecto3/install/turtlesim/include/turtlesim/srv/detail
[15.891s] -- Installing: /home/jotadejojo/Proyecto3/install/turtlesim/include/turtlesim/srv/detail/spawn__rosidl_typesupport_fastrtps_cpp.hpp
[15.891s] -- Installing: /home/jotadejojo/Proyecto3/install/turtlesim/include/turtlesim/srv/detail/dds_fastrtps
[15.891s] -- Installing: /home/jotadejojo/Proyecto3/install/turtlesim/include/turtlesim/srv/detail/set_pen__rosidl_typesupport_fastrtps_cpp.hpp
[15.891s] -- Installing: /home/jotadejojo/Proyecto3/install/turtlesim/include/turtlesim/srv/detail/teleport_absolute__rosidl_typesupport_fastrtps_cpp.hpp
[15.891s] -- Installing: /home/jotadejojo/Proyecto3/install/turtlesim/include/turtlesim/srv/detail/kill__rosidl_typesupport_fastrtps_cpp.hpp
[15.891s] -- Installing: /home/jotadejojo/Proyecto3/install/turtlesim/include/turtlesim/srv/detail/teleport_relative__rosidl_typesupport_fastrtps_cpp.hpp
[15.891s] -- Up-to-date: /home/jotadejojo/Proyecto3/install/turtlesim/include/turtlesim/action
[15.892s] -- Up-to-date: /home/jotadejojo/Proyecto3/install/turtlesim/include/turtlesim/action/detail
[15.892s] -- Installing: /home/jotadejojo/Proyecto3/install/turtlesim/include/turtlesim/action/detail/dds_fastrtps
[15.892s] -- Installing: /home/jotadejojo/Proyecto3/install/turtlesim/include/turtlesim/action/detail/rotate_absolute__rosidl_typesupport_fastrtps_cpp.hpp
[15.892s] -- Up-to-date: /home/jotadejojo/Proyecto3/install/turtlesim/include/turtlesim/msg
[15.892s] -- Up-to-date: /home/jotadejojo/Proyecto3/install/turtlesim/include/turtlesim/msg/detail
[15.892s] -- Installing: /home/jotadejojo/Proyecto3/install/turtlesim/include/turtlesim/msg/detail/dds_fastrtps
[15.892s] -- Installing: /home/jotadejojo/Proyecto3/install/turtlesim/include/turtlesim/msg/detail/pose__rosidl_typesupport_fastrtps_cpp.hpp
[15.892s] -- Installing: /home/jotadejojo/Proyecto3/install/turtlesim/include/turtlesim/msg/detail/color__rosidl_typesupport_fastrtps_cpp.hpp
[15.892s] -- Installing: /home/jotadejojo/Proyecto3/install/turtlesim/include/turtlesim/msg/rosidl_typesupport_fastrtps_cpp__visibility_control.h
[15.892s] -- Installing: /home/jotadejojo/Proyecto3/install/turtlesim/lib/libturtlesim__rosidl_typesupport_fastrtps_cpp.so
[15.892s] -- Set runtime path of "/home/jotadejojo/Proyecto3/install/turtlesim/lib/libturtlesim__rosidl_typesupport_fastrtps_cpp.so" to ""
[15.892s] -- Up-to-date: /home/jotadejojo/Proyecto3/install/turtlesim/include/turtlesim
[15.892s] -- Up-to-date: /home/jotadejojo/Proyecto3/install/turtlesim/include/turtlesim/srv
[15.892s] -- Up-to-date: /home/jotadejojo/Proyecto3/install/turtlesim/include/turtlesim/srv/detail
[15.892s] -- Installing: /home/jotadejojo/Proyecto3/install/turtlesim/include/turtlesim/srv/detail/teleport_relative__rosidl_typesupport_introspection_c.h
[15.892s] -- Installing: /home/jotadejojo/Proyecto3/install/turtlesim/include/turtlesim/srv/detail/teleport_relative__type_support.c
[15.892s] -- Installing: /home/jotadejojo/Proyecto3/install/turtlesim/include/turtlesim/srv/detail/spawn__type_support.c
[15.892s] -- Installing: /home/jotadejojo/Proyecto3/install/turtlesim/include/turtlesim/srv/detail/teleport_absolute__type_support.c
[15.892s] -- Installing: /home/jotadejojo/Proyecto3/install/turtlesim/include/turtlesim/srv/detail/teleport_absolute__rosidl_typesupport_introspection_c.h
[15.892s] -- Installing: /home/jotadejojo/Proyecto3/install/turtlesim/include/turtlesim/srv/detail/kill__type_support.c
[15.893s] -- Installing: /home/jotadejojo/Proyecto3/install/turtlesim/include/turtlesim/srv/detail/spawn__rosidl_typesupport_introspection_c.h
[15.893s] -- Installing: /home/jotadejojo/Proyecto3/install/turtlesim/include/turtlesim/srv/detail/kill__rosidl_typesupport_introspection_c.h
[15.893s] -- Installing: /home/jotadejojo/Proyecto3/install/turtlesim/include/turtlesim/srv/detail/set_pen__rosidl_typesupport_introspection_c.h
[15.893s] -- Installing: /home/jotadejojo/Proyecto3/install/turtlesim/include/turtlesim/srv/detail/set_pen__type_support.c
[15.893s] -- Up-to-date: /home/jotadejojo/Proyecto3/install/turtlesim/include/turtlesim/action
[15.893s] -- Up-to-date: /home/jotadejojo/Proyecto3/install/turtlesim/include/turtlesim/action/detail
[15.893s] -- Installing: /home/jotadejojo/Proyecto3/install/turtlesim/include/turtlesim/action/detail/rotate_absolute__type_support.c
[15.893s] -- Installing: /home/jotadejojo/Proyecto3/install/turtlesim/include/turtlesim/action/detail/rotate_absolute__rosidl_typesupport_introspection_c.h
[15.893s] -- Up-to-date: /home/jotadejojo/Proyecto3/install/turtlesim/include/turtlesim/msg
[15.893s] -- Up-to-date: /home/jotadejojo/Proyecto3/install/turtlesim/include/turtlesim/msg/detail
[15.893s] -- Installing: /home/jotadejojo/Proyecto3/install/turtlesim/include/turtlesim/msg/detail/color__rosidl_typesupport_introspection_c.h
[15.893s] -- Installing: /home/jotadejojo/Proyecto3/install/turtlesim/include/turtlesim/msg/detail/pose__rosidl_typesupport_introspection_c.h
[15.893s] -- Installing: /home/jotadejojo/Proyecto3/install/turtlesim/include/turtlesim/msg/detail/pose__type_support.c
[15.893s] -- Installing: /home/jotadejojo/Proyecto3/install/turtlesim/include/turtlesim/msg/detail/color__type_support.c
[15.893s] -- Installing: /home/jotadejojo/Proyecto3/install/turtlesim/include/turtlesim/msg/rosidl_typesupport_introspection_c__visibility_control.h
[15.893s] -- Installing: /home/jotadejojo/Proyecto3/install/turtlesim/lib/libturtlesim__rosidl_typesupport_introspection_c.so
[15.893s] -- Set runtime path of "/home/jotadejojo/Proyecto3/install/turtlesim/lib/libturtlesim__rosidl_typesupport_introspection_c.so" to ""
[15.893s] -- Installing: /home/jotadejojo/Proyecto3/install/turtlesim/lib/libturtlesim__rosidl_typesupport_c.so
[15.893s] -- Set runtime path of "/home/jotadejojo/Proyecto3/install/turtlesim/lib/libturtlesim__rosidl_typesupport_c.so" to ""
[15.893s] -- Up-to-date: /home/jotadejojo/Proyecto3/install/turtlesim/include/turtlesim
[15.894s] -- Up-to-date: /home/jotadejojo/Proyecto3/install/turtlesim/include/turtlesim/srv
[15.894s] -- Up-to-date: /home/jotadejojo/Proyecto3/install/turtlesim/include/turtlesim/srv/detail
[15.894s] -- Installing: /home/jotadejojo/Proyecto3/install/turtlesim/include/turtlesim/srv/detail/set_pen__builder.hpp
[15.894s] -- Installing: /home/jotadejojo/Proyecto3/install/turtlesim/include/turtlesim/srv/detail/teleport_relative__type_support.hpp
[15.894s] -- Installing: /home/jotadejojo/Proyecto3/install/turtlesim/include/turtlesim/srv/detail/kill__struct.hpp
[15.894s] -- Installing: /home/jotadejojo/Proyecto3/install/turtlesim/include/turtlesim/srv/detail/kill__traits.hpp
[15.894s] -- Installing: /home/jotadejojo/Proyecto3/install/turtlesim/include/turtlesim/srv/detail/teleport_absolute__builder.hpp
[15.894s] -- Installing: /home/jotadejojo/Proyecto3/install/turtlesim/include/turtlesim/srv/detail/teleport_absolute__traits.hpp
[15.894s] -- Installing: /home/jotadejojo/Proyecto3/install/turtlesim/include/turtlesim/srv/detail/teleport_relative__builder.hpp
[15.894s] -- Installing: /home/jotadejojo/Proyecto3/install/turtlesim/include/turtlesim/srv/detail/kill__type_support.hpp
[15.894s] -- Installing: /home/jotadejojo/Proyecto3/install/turtlesim/include/turtlesim/srv/detail/spawn__type_support.hpp
[15.894s] -- Installing: /home/jotadejojo/Proyecto3/install/turtlesim/include/turtlesim/srv/detail/teleport_relative__struct.hpp
[15.894s] -- Installing: /home/jotadejojo/Proyecto3/install/turtlesim/include/turtlesim/srv/detail/spawn__traits.hpp
[15.894s] -- Installing: /home/jotadejojo/Proyecto3/install/turtlesim/include/turtlesim/srv/detail/set_pen__type_support.hpp
[15.894s] -- Installing: /home/jotadejojo/Proyecto3/install/turtlesim/include/turtlesim/srv/detail/set_pen__traits.hpp
[15.894s] -- Installing: /home/jotadejojo/Proyecto3/install/turtlesim/include/turtlesim/srv/detail/spawn__builder.hpp
[15.894s] -- Installing: /home/jotadejojo/Proyecto3/install/turtlesim/include/turtlesim/srv/detail/teleport_relative__traits.hpp
[15.894s] -- Installing: /home/jotadejojo/Proyecto3/install/turtlesim/include/turtlesim/srv/detail/kill__builder.hpp
[15.894s] -- Installing: /home/jotadejojo/Proyecto3/install/turtlesim/include/turtlesim/srv/detail/teleport_absolute__struct.hpp
[15.894s] -- Installing: /home/jotadejojo/Proyecto3/install/turtlesim/include/turtlesim/srv/detail/spawn__struct.hpp
[15.895s] -- Installing: /home/jotadejojo/Proyecto3/install/turtlesim/include/turtlesim/srv/detail/set_pen__struct.hpp
[15.895s] -- Installing: /home/jotadejojo/Proyecto3/install/turtlesim/include/turtlesim/srv/detail/teleport_absolute__type_support.hpp
[15.895s] -- Installing: /home/jotadejojo/Proyecto3/install/turtlesim/include/turtlesim/srv/kill.hpp
[15.895s] -- Installing: /home/jotadejojo/Proyecto3/install/turtlesim/include/turtlesim/srv/set_pen.hpp
[15.895s] -- Installing: /home/jotadejojo/Proyecto3/install/turtlesim/include/turtlesim/srv/teleport_relative.hpp
[15.895s] -- Installing: /home/jotadejojo/Proyecto3/install/turtlesim/include/turtlesim/srv/teleport_absolute.hpp
[15.895s] -- Installing: /home/jotadejojo/Proyecto3/install/turtlesim/include/turtlesim/srv/spawn.hpp
[15.895s] -- Up-to-date: /home/jotadejojo/Proyecto3/install/turtlesim/include/turtlesim/action
[15.895s] -- Up-to-date: /home/jotadejojo/Proyecto3/install/turtlesim/include/turtlesim/action/detail
[15.895s] -- Installing: /home/jotadejojo/Proyecto3/install/turtlesim/include/turtlesim/action/detail/rotate_absolute__struct.hpp
[15.895s] -- Installing: /home/jotadejojo/Proyecto3/install/turtlesim/include/turtlesim/action/detail/rotate_absolute__type_support.hpp
[15.895s] -- Installing: /home/jotadejojo/Proyecto3/install/turtlesim/include/turtlesim/action/detail/rotate_absolute__builder.hpp
[15.895s] -- Installing: /home/jotadejojo/Proyecto3/install/turtlesim/include/turtlesim/action/detail/rotate_absolute__traits.hpp
[15.895s] -- Installing: /home/jotadejojo/Proyecto3/install/turtlesim/include/turtlesim/action/rotate_absolute.hpp
[15.895s] -- Up-to-date: /home/jotadejojo/Proyecto3/install/turtlesim/include/turtlesim/msg
[15.895s] -- Up-to-date: /home/jotadejojo/Proyecto3/install/turtlesim/include/turtlesim/msg/detail
[15.895s] -- Installing: /home/jotadejojo/Proyecto3/install/turtlesim/include/turtlesim/msg/detail/color__struct.hpp
[15.895s] -- Installing: /home/jotadejojo/Proyecto3/install/turtlesim/include/turtlesim/msg/detail/color__builder.hpp
[15.895s] -- Installing: /home/jotadejojo/Proyecto3/install/turtlesim/include/turtlesim/msg/detail/color__type_support.hpp
[15.895s] -- Installing: /home/jotadejojo/Proyecto3/install/turtlesim/include/turtlesim/msg/detail/pose__traits.hpp
[15.895s] -- Installing: /home/jotadejojo/Proyecto3/install/turtlesim/include/turtlesim/msg/detail/color__traits.hpp
[15.896s] -- Installing: /home/jotadejojo/Proyecto3/install/turtlesim/include/turtlesim/msg/detail/pose__builder.hpp
[15.896s] -- Installing: /home/jotadejojo/Proyecto3/install/turtlesim/include/turtlesim/msg/detail/pose__type_support.hpp
[15.896s] -- Installing: /home/jotadejojo/Proyecto3/install/turtlesim/include/turtlesim/msg/detail/pose__struct.hpp
[15.896s] -- Installing: /home/jotadejojo/Proyecto3/install/turtlesim/include/turtlesim/msg/pose.hpp
[15.896s] -- Installing: /home/jotadejojo/Proyecto3/install/turtlesim/include/turtlesim/msg/color.hpp
[15.896s] -- Installing: /home/jotadejojo/Proyecto3/install/turtlesim/include/turtlesim/msg/rosidl_generator_cpp__visibility_control.hpp
[15.896s] -- Up-to-date: /home/jotadejojo/Proyecto3/install/turtlesim/include/turtlesim
[15.896s] -- Up-to-date: /home/jotadejojo/Proyecto3/install/turtlesim/include/turtlesim/srv
[15.896s] -- Up-to-date: /home/jotadejojo/Proyecto3/install/turtlesim/include/turtlesim/srv/detail
[15.896s] -- Installing: /home/jotadejojo/Proyecto3/install/turtlesim/include/turtlesim/srv/detail/teleport_absolute__rosidl_typesupport_introspection_cpp.hpp
[15.896s] -- Installing: /home/jotadejojo/Proyecto3/install/turtlesim/include/turtlesim/srv/detail/kill__rosidl_typesupport_introspection_cpp.hpp
[15.896s] -- Installing: /home/jotadejojo/Proyecto3/install/turtlesim/include/turtlesim/srv/detail/set_pen__type_support.cpp
[15.896s] -- Installing: /home/jotadejojo/Proyecto3/install/turtlesim/include/turtlesim/srv/detail/teleport_relative__rosidl_typesupport_introspection_cpp.hpp
[15.896s] -- Installing: /home/jotadejojo/Proyecto3/install/turtlesim/include/turtlesim/srv/detail/kill__type_support.cpp
[15.896s] -- Installing: /home/jotadejojo/Proyecto3/install/turtlesim/include/turtlesim/srv/detail/set_pen__rosidl_typesupport_introspection_cpp.hpp
[15.896s] -- Installing: /home/jotadejojo/Proyecto3/install/turtlesim/include/turtlesim/srv/detail/teleport_relative__type_support.cpp
[15.896s] -- Installing: /home/jotadejojo/Proyecto3/install/turtlesim/include/turtlesim/srv/detail/teleport_absolute__type_support.cpp
[15.896s] -- Installing: /home/jotadejojo/Proyecto3/install/turtlesim/include/turtlesim/srv/detail/spawn__rosidl_typesupport_introspection_cpp.hpp
[15.896s] -- Installing: /home/jotadejojo/Proyecto3/install/turtlesim/include/turtlesim/srv/detail/spawn__type_support.cpp
[15.896s] -- Up-to-date: /home/jotadejojo/Proyecto3/install/turtlesim/include/turtlesim/action
[15.896s] -- Up-to-date: /home/jotadejojo/Proyecto3/install/turtlesim/include/turtlesim/action/detail
[15.896s] -- Installing: /home/jotadejojo/Proyecto3/install/turtlesim/include/turtlesim/action/detail/rotate_absolute__rosidl_typesupport_introspection_cpp.hpp
[15.897s] -- Installing: /home/jotadejojo/Proyecto3/install/turtlesim/include/turtlesim/action/detail/rotate_absolute__type_support.cpp
[15.897s] -- Up-to-date: /home/jotadejojo/Proyecto3/install/turtlesim/include/turtlesim/msg
[15.897s] -- Up-to-date: /home/jotadejojo/Proyecto3/install/turtlesim/include/turtlesim/msg/detail
[15.897s] -- Installing: /home/jotadejojo/Proyecto3/install/turtlesim/include/turtlesim/msg/detail/pose__type_support.cpp
[15.897s] -- Installing: /home/jotadejojo/Proyecto3/install/turtlesim/include/turtlesim/msg/detail/color__rosidl_typesupport_introspection_cpp.hpp
[15.897s] -- Installing: /home/jotadejojo/Proyecto3/install/turtlesim/include/turtlesim/msg/detail/pose__rosidl_typesupport_introspection_cpp.hpp
[15.897s] -- Installing: /home/jotadejojo/Proyecto3/install/turtlesim/include/turtlesim/msg/detail/color__type_support.cpp
[15.897s] -- Installing: /home/jotadejojo/Proyecto3/install/turtlesim/lib/libturtlesim__rosidl_typesupport_introspection_cpp.so
[15.897s] -- Set runtime path of "/home/jotadejojo/Proyecto3/install/turtlesim/lib/libturtlesim__rosidl_typesupport_introspection_cpp.so" to ""
[15.897s] -- Installing: /home/jotadejojo/Proyecto3/install/turtlesim/lib/libturtlesim__rosidl_typesupport_cpp.so
[15.897s] -- Set runtime path of "/home/jotadejojo/Proyecto3/install/turtlesim/lib/libturtlesim__rosidl_typesupport_cpp.so" to ""
[15.897s] -- Installing: /home/jotadejojo/Proyecto3/install/turtlesim/share/turtlesim/environment/pythonpath.sh
[15.897s] -- Installing: /home/jotadejojo/Proyecto3/install/turtlesim/share/turtlesim/environment/pythonpath.dsv
[15.897s] -- Installing: /home/jotadejojo/Proyecto3/install/turtlesim/lib/python3.8/site-packages/turtlesim/__init__.py
[15.919s] Compiling '/home/jotadejojo/Proyecto3/install/turtlesim/lib/python3.8/site-packages/turtlesim/__init__.py'...
[15.922s] -- Installing: /home/jotadejojo/Proyecto3/install/turtlesim/lib/python3.8/site-packages/turtlesim/action
[15.922s] -- Installing: /home/jotadejojo/Proyecto3/install/turtlesim/lib/python3.8/site-packages/turtlesim/action/__init__.py
[15.922s] -- Installing: /home/jotadejojo/Proyecto3/install/turtlesim/lib/python3.8/site-packages/turtlesim/action/_rotate_absolute_s.c
[15.922s] -- Installing: /home/jotadejojo/Proyecto3/install/turtlesim/lib/python3.8/site-packages/turtlesim/action/_rotate_absolute.py
[15.922s] -- Installing: /home/jotadejojo/Proyecto3/install/turtlesim/lib/python3.8/site-packages/turtlesim/msg
[15.922s] -- Installing: /home/jotadejojo/Proyecto3/install/turtlesim/lib/python3.8/site-packages/turtlesim/msg/__init__.py
[15.922s] -- Installing: /home/jotadejojo/Proyecto3/install/turtlesim/lib/python3.8/site-packages/turtlesim/msg/_pose.py
[15.922s] -- Installing: /home/jotadejojo/Proyecto3/install/turtlesim/lib/python3.8/site-packages/turtlesim/msg/_color.py
[15.922s] -- Installing: /home/jotadejojo/Proyecto3/install/turtlesim/lib/python3.8/site-packages/turtlesim/msg/_pose_s.c
[15.922s] -- Installing: /home/jotadejojo/Proyecto3/install/turtlesim/lib/python3.8/site-packages/turtlesim/msg/_color_s.c
[15.922s] -- Installing: /home/jotadejojo/Proyecto3/install/turtlesim/lib/python3.8/site-packages/turtlesim/srv
[15.922s] -- Installing: /home/jotadejojo/Proyecto3/install/turtlesim/lib/python3.8/site-packages/turtlesim/srv/__init__.py
[15.922s] -- Installing: /home/jotadejojo/Proyecto3/install/turtlesim/lib/python3.8/site-packages/turtlesim/srv/_spawn_s.c
[15.923s] -- Installing: /home/jotadejojo/Proyecto3/install/turtlesim/lib/python3.8/site-packages/turtlesim/srv/_spawn.py
[15.923s] -- Installing: /home/jotadejojo/Proyecto3/install/turtlesim/lib/python3.8/site-packages/turtlesim/srv/_set_pen_s.c
[15.923s] -- Installing: /home/jotadejojo/Proyecto3/install/turtlesim/lib/python3.8/site-packages/turtlesim/srv/_teleport_relative.py
[15.923s] -- Installing: /home/jotadejojo/Proyecto3/install/turtlesim/lib/python3.8/site-packages/turtlesim/srv/_teleport_absolute.py
[15.923s] -- Installing: /home/jotadejojo/Proyecto3/install/turtlesim/lib/python3.8/site-packages/turtlesim/srv/_teleport_relative_s.c
[15.923s] -- Installing: /home/jotadejojo/Proyecto3/install/turtlesim/lib/python3.8/site-packages/turtlesim/srv/_kill.py
[15.923s] -- Installing: /home/jotadejojo/Proyecto3/install/turtlesim/lib/python3.8/site-packages/turtlesim/srv/_kill_s.c
[15.923s] -- Installing: /home/jotadejojo/Proyecto3/install/turtlesim/lib/python3.8/site-packages/turtlesim/srv/_set_pen.py
[15.923s] -- Installing: /home/jotadejojo/Proyecto3/install/turtlesim/lib/python3.8/site-packages/turtlesim/srv/_teleport_absolute_s.c
[15.923s] -- Installing: /home/jotadejojo/Proyecto3/install/turtlesim/lib/python3.8/site-packages/turtlesim/turtlesim_s__rosidl_typesupport_fastrtps_c.cpython-38-x86_64-linux-gnu.so
[15.923s] -- Set runtime path of "/home/jotadejojo/Proyecto3/install/turtlesim/lib/python3.8/site-packages/turtlesim/turtlesim_s__rosidl_typesupport_fastrtps_c.cpython-38-x86_64-linux-gnu.so" to ""
[15.923s] -- Installing: /home/jotadejojo/Proyecto3/install/turtlesim/lib/python3.8/site-packages/turtlesim/turtlesim_s__rosidl_typesupport_introspection_c.cpython-38-x86_64-linux-gnu.so
[15.924s] -- Set runtime path of "/home/jotadejojo/Proyecto3/install/turtlesim/lib/python3.8/site-packages/turtlesim/turtlesim_s__rosidl_typesupport_introspection_c.cpython-38-x86_64-linux-gnu.so" to ""
[15.924s] -- Installing: /home/jotadejojo/Proyecto3/install/turtlesim/lib/python3.8/site-packages/turtlesim/turtlesim_s__rosidl_typesupport_c.cpython-38-x86_64-linux-gnu.so
[15.924s] -- Set runtime path of "/home/jotadejojo/Proyecto3/install/turtlesim/lib/python3.8/site-packages/turtlesim/turtlesim_s__rosidl_typesupport_c.cpython-38-x86_64-linux-gnu.so" to ""
[15.924s] -- Installing: /home/jotadejojo/Proyecto3/install/turtlesim/lib/libturtlesim__python.so
[15.924s] -- Set runtime path of "/home/jotadejojo/Proyecto3/install/turtlesim/lib/libturtlesim__python.so" to ""
[15.924s] -- Installing: /home/jotadejojo/Proyecto3/install/turtlesim/share/turtlesim/action/RotateAbsolute.idl
[15.925s] -- Installing: /home/jotadejojo/Proyecto3/install/turtlesim/share/turtlesim/msg/Color.idl
[15.925s] -- Installing: /home/jotadejojo/Proyecto3/install/turtlesim/share/turtlesim/msg/Pose.idl
[15.925s] -- Installing: /home/jotadejojo/Proyecto3/install/turtlesim/share/turtlesim/srv/Kill.idl
[15.925s] -- Installing: /home/jotadejojo/Proyecto3/install/turtlesim/share/turtlesim/srv/SetPen.idl
[15.925s] -- Installing: /home/jotadejojo/Proyecto3/install/turtlesim/share/turtlesim/srv/Spawn.idl
[15.925s] -- Installing: /home/jotadejojo/Proyecto3/install/turtlesim/share/turtlesim/srv/TeleportAbsolute.idl
[15.925s] -- Installing: /home/jotadejojo/Proyecto3/install/turtlesim/share/turtlesim/srv/TeleportRelative.idl
[15.925s] -- Installing: /home/jotadejojo/Proyecto3/install/turtlesim/share/turtlesim/action/RotateAbsolute.action
[15.925s] -- Installing: /home/jotadejojo/Proyecto3/install/turtlesim/share/turtlesim/msg/Color.msg
[15.925s] -- Installing: /home/jotadejojo/Proyecto3/install/turtlesim/share/turtlesim/msg/Pose.msg
[15.925s] -- Installing: /home/jotadejojo/Proyecto3/install/turtlesim/share/turtlesim/srv/Kill.srv
[15.925s] -- Installing: /home/jotadejojo/Proyecto3/install/turtlesim/share/turtlesim/srv/Kill_Request.msg
[15.925s] -- Installing: /home/jotadejojo/Proyecto3/install/turtlesim/share/turtlesim/srv/Kill_Response.msg
[15.925s] -- Installing: /home/jotadejojo/Proyecto3/install/turtlesim/share/turtlesim/srv/SetPen.srv
[15.926s] -- Installing: /home/jotadejojo/Proyecto3/install/turtlesim/share/turtlesim/srv/SetPen_Request.msg
[15.926s] -- Installing: /home/jotadejojo/Proyecto3/install/turtlesim/share/turtlesim/srv/SetPen_Response.msg
[15.926s] -- Installing: /home/jotadejojo/Proyecto3/install/turtlesim/share/turtlesim/srv/Spawn.srv
[15.926s] -- Installing: /home/jotadejojo/Proyecto3/install/turtlesim/share/turtlesim/srv/Spawn_Request.msg
[15.926s] -- Installing: /home/jotadejojo/Proyecto3/install/turtlesim/share/turtlesim/srv/Spawn_Response.msg
[15.926s] -- Installing: /home/jotadejojo/Proyecto3/install/turtlesim/share/turtlesim/srv/TeleportAbsolute.srv
[15.926s] -- Installing: /home/jotadejojo/Proyecto3/install/turtlesim/share/turtlesim/srv/TeleportAbsolute_Request.msg
[15.926s] -- Installing: /home/jotadejojo/Proyecto3/install/turtlesim/share/turtlesim/srv/TeleportAbsolute_Response.msg
[15.926s] -- Installing: /home/jotadejojo/Proyecto3/install/turtlesim/share/turtlesim/srv/TeleportRelative.srv
[15.926s] -- Installing: /home/jotadejojo/Proyecto3/install/turtlesim/share/turtlesim/srv/TeleportRelative_Request.msg
[15.926s] -- Installing: /home/jotadejojo/Proyecto3/install/turtlesim/share/turtlesim/srv/TeleportRelative_Response.msg
[15.926s] -- Installing: /home/jotadejojo/Proyecto3/install/turtlesim/lib/turtlesim/turtlesim_node
[15.929s] -- Set runtime path of "/home/jotadejojo/Proyecto3/install/turtlesim/lib/turtlesim/turtlesim_node" to ""
[15.929s] -- Installing: /home/jotadejojo/Proyecto3/install/turtlesim/lib/turtlesim/turtle_teleop_key
[15.930s] -- Set runtime path of "/home/jotadejojo/Proyecto3/install/turtlesim/lib/turtlesim/turtle_teleop_key" to ""
[15.930s] -- Installing: /home/jotadejojo/Proyecto3/install/turtlesim/lib/turtlesim/draw_square
[15.931s] -- Set runtime path of "/home/jotadejojo/Proyecto3/install/turtlesim/lib/turtlesim/draw_square" to ""
[15.931s] -- Installing: /home/jotadejojo/Proyecto3/install/turtlesim/lib/turtlesim/mimic
[15.933s] -- Set runtime path of "/home/jotadejojo/Proyecto3/install/turtlesim/lib/turtlesim/mimic" to ""
[15.933s] -- Installing: /home/jotadejojo/Proyecto3/install/turtlesim/share/turtlesim/images
[15.933s] -- Installing: /home/jotadejojo/Proyecto3/install/turtlesim/share/turtlesim/images/dashing.png
[15.933s] -- Installing: /home/jotadejojo/Proyecto3/install/turtlesim/share/turtlesim/images/ardent.png
[15.933s] -- Installing: /home/jotadejojo/Proyecto3/install/turtlesim/share/turtlesim/images/eloquent.png
[15.933s] -- Installing: /home/jotadejojo/Proyecto3/install/turtlesim/share/turtlesim/images/foxy.png
[15.933s] -- Installing: /home/jotadejojo/Proyecto3/install/turtlesim/share/turtlesim/images/crystal.png
[15.933s] -- Installing: /home/jotadejojo/Proyecto3/install/turtlesim/share/turtlesim/images/bouncy.png
[15.933s] -- Installing: /home/jotadejojo/Proyecto3/install/turtlesim/share/turtlesim/launch
[15.933s] -- Installing: /home/jotadejojo/Proyecto3/install/turtlesim/share/turtlesim/launch/multisim.launch.py
[15.933s] -- Installing: /home/jotadejojo/Proyecto3/install/turtlesim/share/ament_index/resource_index/package_run_dependencies/turtlesim
[15.933s] -- Installing: /home/jotadejojo/Proyecto3/install/turtlesim/share/ament_index/resource_index/parent_prefix_path/turtlesim
[15.933s] -- Installing: /home/jotadejojo/Proyecto3/install/turtlesim/share/turtlesim/environment/ament_prefix_path.sh
[15.933s] -- Installing: /home/jotadejojo/Proyecto3/install/turtlesim/share/turtlesim/environment/ament_prefix_path.dsv
[15.933s] -- Installing: /home/jotadejojo/Proyecto3/install/turtlesim/share/turtlesim/environment/path.sh
[15.933s] -- Installing: /home/jotadejojo/Proyecto3/install/turtlesim/share/turtlesim/environment/path.dsv
[15.934s] -- Installing: /home/jotadejojo/Proyecto3/install/turtlesim/share/turtlesim/local_setup.bash
[15.934s] -- Installing: /home/jotadejojo/Proyecto3/install/turtlesim/share/turtlesim/local_setup.sh
[15.934s] -- Installing: /home/jotadejojo/Proyecto3/install/turtlesim/share/turtlesim/local_setup.zsh
[15.934s] -- Installing: /home/jotadejojo/Proyecto3/install/turtlesim/share/turtlesim/local_setup.dsv
[15.934s] -- Installing: /home/jotadejojo/Proyecto3/install/turtlesim/share/turtlesim/package.dsv
[15.934s] -- Installing: /home/jotadejojo/Proyecto3/install/turtlesim/share/ament_index/resource_index/packages/turtlesim
[15.934s] -- Installing: /home/jotadejojo/Proyecto3/install/turtlesim/share/turtlesim/cmake/turtlesim__rosidl_generator_cExport.cmake
[15.934s] -- Installing: /home/jotadejojo/Proyecto3/install/turtlesim/share/turtlesim/cmake/turtlesim__rosidl_generator_cExport-noconfig.cmake
[15.934s] -- Installing: /home/jotadejojo/Proyecto3/install/turtlesim/share/turtlesim/cmake/turtlesim__rosidl_typesupport_introspection_cExport.cmake
[15.934s] -- Installing: /home/jotadejojo/Proyecto3/install/turtlesim/share/turtlesim/cmake/turtlesim__rosidl_typesupport_introspection_cExport-noconfig.cmake
[15.934s] -- Installing: /home/jotadejojo/Proyecto3/install/turtlesim/share/turtlesim/cmake/turtlesim__rosidl_typesupport_cExport.cmake
[15.935s] -- Installing: /home/jotadejojo/Proyecto3/install/turtlesim/share/turtlesim/cmake/turtlesim__rosidl_typesupport_cExport-noconfig.cmake
[15.935s] -- Installing: /home/jotadejojo/Proyecto3/install/turtlesim/share/turtlesim/cmake/turtlesim__rosidl_generator_cppExport.cmake
[15.935s] -- Installing: /home/jotadejojo/Proyecto3/install/turtlesim/share/turtlesim/cmake/turtlesim__rosidl_typesupport_introspection_cppExport.cmake
[15.935s] -- Installing: /home/jotadejojo/Proyecto3/install/turtlesim/share/turtlesim/cmake/turtlesim__rosidl_typesupport_introspection_cppExport-noconfig.cmake
[15.935s] -- Installing: /home/jotadejojo/Proyecto3/install/turtlesim/share/turtlesim/cmake/turtlesim__rosidl_typesupport_cppExport.cmake
[15.935s] -- Installing: /home/jotadejojo/Proyecto3/install/turtlesim/share/turtlesim/cmake/turtlesim__rosidl_typesupport_cppExport-noconfig.cmake
[15.935s] -- Installing: /home/jotadejojo/Proyecto3/install/turtlesim/share/turtlesim/cmake/rosidl_cmake-extras.cmake
[15.935s] -- Installing: /home/jotadejojo/Proyecto3/install/turtlesim/share/turtlesim/cmake/ament_cmake_export_dependencies-extras.cmake
[15.935s] -- Installing: /home/jotadejojo/Proyecto3/install/turtlesim/share/turtlesim/cmake/ament_cmake_export_libraries-extras.cmake
[15.935s] -- Installing: /home/jotadejojo/Proyecto3/install/turtlesim/share/turtlesim/cmake/ament_cmake_export_targets-extras.cmake
[15.935s] -- Installing: /home/jotadejojo/Proyecto3/install/turtlesim/share/turtlesim/cmake/ament_cmake_export_include_directories-extras.cmake
[15.935s] -- Installing: /home/jotadejojo/Proyecto3/install/turtlesim/share/turtlesim/cmake/rosidl_cmake_export_typesupport_libraries-extras.cmake
[15.936s] -- Installing: /home/jotadejojo/Proyecto3/install/turtlesim/share/turtlesim/cmake/rosidl_cmake_export_typesupport_targets-extras.cmake
[15.936s] -- Installing: /home/jotadejojo/Proyecto3/install/turtlesim/share/turtlesim/cmake/turtlesimConfig.cmake
[15.936s] -- Installing: /home/jotadejojo/Proyecto3/install/turtlesim/share/turtlesim/cmake/turtlesimConfig-version.cmake
[15.936s] -- Installing: /home/jotadejojo/Proyecto3/install/turtlesim/share/turtlesim/package.xml
[15.938s] Invoked command in '/home/jotadejojo/Proyecto3/build/turtlesim' returned '0': CMAKE_PREFIX_PATH=/opt/ros/foxy /usr/bin/cmake --install /home/jotadejojo/Proyecto3/build/turtlesim
