running egg_info
creating ../../build/g01_prii3_turtlesim/g01_prii3_turtlesim.egg-info
writing ../../build/g01_prii3_turtlesim/g01_prii3_turtlesim.egg-info/PKG-INFO
writing dependency_links to ../../build/g01_prii3_turtlesim/g01_prii3_turtlesim.egg-info/dependency_links.txt
writing entry points to ../../build/g01_prii3_turtlesim/g01_prii3_turtlesim.egg-info/entry_points.txt
writing requirements to ../../build/g01_prii3_turtlesim/g01_prii3_turtlesim.egg-info/requires.txt
writing top-level names to ../../build/g01_prii3_turtlesim/g01_prii3_turtlesim.egg-info/top_level.txt
writing manifest file '../../build/g01_prii3_turtlesim/g01_prii3_turtlesim.egg-info/SOURCES.txt'
reading manifest file '../../build/g01_prii3_turtlesim/g01_prii3_turtlesim.egg-info/SOURCES.txt'
writing manifest file '../../build/g01_prii3_turtlesim/g01_prii3_turtlesim.egg-info/SOURCES.txt'
running build
running build_py
creating /home/domenico/Tercero/PRYIII/DISA/g1_Proyecto3_ws/build/g01_prii3_turtlesim/build
creating /home/domenico/Tercero/PRYIII/DISA/g1_Proyecto3_ws/build/g01_prii3_turtlesim/build/lib
creating /home/domenico/Tercero/PRYIII/DISA/g1_Proyecto3_ws/build/g01_prii3_turtlesim/build/lib/g01_prii3_turtlesim
copying g01_prii3_turtlesim/__init__.py -> /home/domenico/Tercero/PRYIII/DISA/g1_Proyecto3_ws/build/g01_prii3_turtlesim/build/lib/g01_prii3_turtlesim
copying g01_prii3_turtlesim/sprint1.py -> /home/domenico/Tercero/PRYIII/DISA/g1_Proyecto3_ws/build/g01_prii3_turtlesim/build/lib/g01_prii3_turtlesim
running install
running install_lib
creating /home/domenico/Tercero/PRYIII/DISA/g1_Proyecto3_ws/install/g01_prii3_turtlesim/lib/python3.8/site-packages/g01_prii3_turtlesim
copying /home/domenico/Tercero/PRYIII/DISA/g1_Proyecto3_ws/build/g01_prii3_turtlesim/build/lib/g01_prii3_turtlesim/__init__.py -> /home/domenico/Tercero/PRYIII/DISA/g1_Proyecto3_ws/install/g01_prii3_turtlesim/lib/python3.8/site-packages/g01_prii3_turtlesim
copying /home/domenico/Tercero/PRYIII/DISA/g1_Proyecto3_ws/build/g01_prii3_turtlesim/build/lib/g01_prii3_turtlesim/sprint1.py -> /home/domenico/Tercero/PRYIII/DISA/g1_Proyecto3_ws/install/g01_prii3_turtlesim/lib/python3.8/site-packages/g01_prii3_turtlesim
byte-compiling /home/domenico/Tercero/PRYIII/DISA/g1_Proyecto3_ws/install/g01_prii3_turtlesim/lib/python3.8/site-packages/g01_prii3_turtlesim/__init__.py to __init__.cpython-38.pyc
byte-compiling /home/domenico/Tercero/PRYIII/DISA/g1_Proyecto3_ws/install/g01_prii3_turtlesim/lib/python3.8/site-packages/g01_prii3_turtlesim/sprint1.py to sprint1.cpython-38.pyc
running install_data
creating /home/domenico/Tercero/PRYIII/DISA/g1_Proyecto3_ws/install/g01_prii3_turtlesim/share
creating /home/domenico/Tercero/PRYIII/DISA/g1_Proyecto3_ws/install/g01_prii3_turtlesim/share/ament_index
creating /home/domenico/Tercero/PRYIII/DISA/g1_Proyecto3_ws/install/g01_prii3_turtlesim/share/ament_index/resource_index
creating /home/domenico/Tercero/PRYIII/DISA/g1_Proyecto3_ws/install/g01_prii3_turtlesim/share/ament_index/resource_index/packages
copying resource/g01_prii3_turtlesim -> /home/domenico/Tercero/PRYIII/DISA/g1_Proyecto3_ws/install/g01_prii3_turtlesim/share/ament_index/resource_index/packages
creating /home/domenico/Tercero/PRYIII/DISA/g1_Proyecto3_ws/install/g01_prii3_turtlesim/share/g01_prii3_turtlesim
copying package.xml -> /home/domenico/Tercero/PRYIII/DISA/g1_Proyecto3_ws/install/g01_prii3_turtlesim/share/g01_prii3_turtlesim
creating /home/domenico/Tercero/PRYIII/DISA/g1_Proyecto3_ws/install/g01_prii3_turtlesim/share/g01_prii3_turtlesim/launch
copying launch/sprint1_launch.py -> /home/domenico/Tercero/PRYIII/DISA/g1_Proyecto3_ws/install/g01_prii3_turtlesim/share/g01_prii3_turtlesim/launch
running install_egg_info
Copying ../../build/g01_prii3_turtlesim/g01_prii3_turtlesim.egg-info to /home/domenico/Tercero/PRYIII/DISA/g1_Proyecto3_ws/install/g01_prii3_turtlesim/lib/python3.8/site-packages/g01_prii3_turtlesim-0.0.0-py3.8.egg-info
running install_scripts
Installing sprint1 script to /home/domenico/Tercero/PRYIII/DISA/g1_Proyecto3_ws/install/g01_prii3_turtlesim/lib/g01_prii3_turtlesim
writing list of installed files to '/home/domenico/Tercero/PRYIII/DISA/g1_Proyecto3_ws/build/g01_prii3_turtlesim/install.log'
